<?xml version="1.0" encoding="UTF-8"?>
<!-- Generated by org.testng.reporters.JUnitXMLReporter -->
<testsuite hostname="PC-VinhLuu" name="Test" tests="4" failures="0" timestamp="25 Mar 2019 08:22:24 GMT" time="0.05" errors="0">
  <testcase name="@BeforeClass beforeClass" time="0.0" classname="com.bankguru.account.Payment">
    <failure type="org.testng.TestNGException" message="
Parameter &amp;apos;browser&amp;apos; is required by @Configuration on method beforeClass but has not been marked @Optional or defined
in D:\Automation tool\Tutorial\BANKGURU_VINHLX\resources\runBankGuru.xml">
      <![CDATA[org.testng.TestNGException: 
Parameter 'browser' is required by @Configuration on method beforeClass but has not been marked @Optional or defined
in D:\Automation tool\Tutorial\BANKGURU_VINHLX\resources\runBankGuru.xml
... Removed 21 stack frames]]>
    </failure>
  </testcase> <!-- @BeforeClass beforeClass -->
  <testcase name="@AfterClass afterClass" time="0.0" classname="com.bankguru.account.Payment">
    <skipped/>
  </testcase> <!-- @AfterClass afterClass -->
  <testcase name="TC_01_Create_New_Customer_Account_And_Check_Registered_Message" time="0.004" classname="com.bankguru.account.Payment">
    <skipped/>
  </testcase> <!-- TC_01_Create_New_Customer_Account_And_Check_Registered_Message -->
  <testcase name="TC_02_Edit_Customer_Account_And_Check_Edited_Message" time="0.001" classname="com.bankguru.account.Payment">
    <skipped/>
  </testcase> <!-- TC_02_Edit_Customer_Account_And_Check_Edited_Message -->
  <testcase name="TC_03_Add_New_Account_And_Check_Current_Amount_And_Initial_Deposit_Are_Equal" time="0.001" classname="com.bankguru.account.Payment">
    <skipped/>
  </testcase> <!-- TC_03_Add_New_Account_And_Check_Current_Amount_And_Initial_Deposit_Are_Equal -->
  <testcase name="TC_04_Transfer_Money_Into_Current_Account_And_ChecK_Account_Balance" time="0.0" classname="com.bankguru.account.Payment">
    <skipped/>
  </testcase> <!-- TC_04_Transfer_Money_Into_Current_Account_And_ChecK_Account_Balance -->
</testsuite> <!-- Test -->
