<?xml version="1.0" encoding="UTF-8"?>
<!-- Generated by org.testng.reporters.JUnitXMLReporter -->
<testsuite hostname="PC-VinhLuu" name="Test" tests="3" failures="0" timestamp="22 Feb 2019 08:55:15 GMT" time="21.735" errors="0">
  <testcase name="TC_01_Create_New_Customer_Account_And_Check_Registered_Message" time="6.425" classname="com.bankguru.account.Payment"/>
  <testcase name="TC_02_Edit_Customer_Account_And_Check_Edited_Message" time="5.639" classname="com.bankguru.account.Payment"/>
  <testcase name="TC_03_Add_New_Account_And_Check_Current_Amount_And_Initial_Deposit" time="0.0" classname="com.bankguru.account.Payment"/>
</testsuite> <!-- Test -->
