<?xml version="1.0" encoding="UTF-8"?>
<testng-results skipped="0" failed="0" total="1" passed="1">
  <reporter-output>
  </reporter-output>
  <suite name="Suite" duration-ms="13688" started-at="2019-02-21T09:21:40Z" finished-at="2019-02-21T09:21:54Z">
    <groups>
    </groups>
    <test name="Test" duration-ms="13688" started-at="2019-02-21T09:21:40Z" finished-at="2019-02-21T09:21:54Z">
      <class name="com.bankguru.account.Payment_01">
        <test-method status="PASS" signature="beforeClass(java.lang.String)[pri:0, instance:com.bankguru.account.Payment_01@7921b0a2]" name="beforeClass" is-config="true" duration-ms="9535" started-at="2019-02-21T16:21:40Z" finished-at="2019-02-21T16:21:49Z">
          <params>
            <param index="0">
              <value>
                <![CDATA[firefox]]>
              </value>
            </param>
          </params>
          <reporter-output>
          </reporter-output>
        </test-method> <!-- beforeClass -->
        <test-method status="PASS" signature="Create_New_Customer_Account()[pri:0, instance:com.bankguru.account.Payment_01@7921b0a2]" name="Create_New_Customer_Account" duration-ms="4142" started-at="2019-02-21T16:21:49Z" finished-at="2019-02-21T16:21:54Z">
          <reporter-output>
          </reporter-output>
        </test-method> <!-- Create_New_Customer_Account -->
        <test-method status="PASS" signature="afterClass()[pri:0, instance:com.bankguru.account.Payment_01@7921b0a2]" name="afterClass" is-config="true" duration-ms="0" started-at="2019-02-21T16:21:54Z" finished-at="2019-02-21T16:21:54Z">
          <reporter-output>
          </reporter-output>
        </test-method> <!-- afterClass -->
      </class> <!-- com.bankguru.account.Payment_01 -->
    </test> <!-- Test -->
  </suite> <!-- Suite -->
</testng-results>
